2020-06-19 13:50:04,839 - ingenia - INFO - ，玩家：进入游戏;openId：oAJIh5WZZa6sUiFBGYLoulAQSUxI
2020-06-19 14:05:41,734 - ingenia - INFO - ，玩家：进入游戏;openId：oAJIh5WZZa6sUiFBGYLoulAQSUxI
2020-06-19 14:05:41,766 - ingenia - INFO - ，玩家：进入游戏;openId：oAJIh5WZZa6sUiFBGYLoulAQSUxI
2020-06-19 14:05:41,767 - ingenia - INFO - ，玩家：进入游戏;openId：oAJIh5WZZa6sUiFBGYLoulAQSUxI
2020-06-19 14:05:41,769 - ingenia - INFO - ，玩家：进入游戏;openId：oAJIh5WZZa6sUiFBGYLoulAQSUxI
2020-06-19 14:10:45,323 - ingenia - INFO - ，玩家：进入游戏;openId：testAccount
2020-06-19 14:13:02,295 - ingenia - INFO - ，玩家：进入游戏;openId：testAccount
2020-06-19 14:13:02,664 - ingenia - INFO - ，玩家：进入游戏;openId：testAccount
2020-06-19 14:17:19,826 - ingenia - INFO - ，玩家：进入游戏;openId：oAJIh5WZZa6sUiFBGYLoulAQSUxI
2020-06-19 14:17:45,118 - ingenia - INFO - ，玩家：进入游戏;openId：oAJIh5WZZa6sUiFBGYLoulAQSUxI
2020-06-19 14:20:37,434 - ingenia - INFO - ，玩家：进入游戏;openId：oAJIh5WZZa6sUiFBGYLoulAQSUxI
2020-06-19 14:21:45,375 - ingenia - INFO - ，玩家：进入游戏;openId：oAJIh5WZZa6sUiFBGYLoulAQSUxI
2020-06-19 14:23:37,265 - ingenia - INFO - 半世倾城い只为一人醉°，玩家：进入游戏;openId：testAccount
2020-06-19 14:28:47,387 - ingenia - INFO - ，玩家：进入游戏;openId：oAJIh5WZZa6sUiFBGYLoulAQSUxI
2020-06-19 14:28:47,388 - ingenia - INFO - ，玩家：进入游戏;openId：oAJIh5WZZa6sUiFBGYLoulAQSUxI
2020-06-19 14:30:02,631 - ingenia - INFO - ，玩家：进入游戏;openId：oAJIh5WZZa6sUiFBGYLoulAQSUxI
2020-06-19 14:30:42,325 - ingenia - INFO - ，玩家：进入游戏;openId：testAccount
2020-06-19 14:32:04,108 - ingenia - INFO - ，玩家：进入游戏;openId：oAJIh5WZZa6sUiFBGYLoulAQSUxI
2020-06-19 14:32:56,565 - ingenia - INFO - ，玩家：进入游戏;openId：testAccount
2020-06-19 14:34:23,614 - ingenia - INFO - ，玩家：进入游戏;openId：oAJIh5WZZa6sUiFBGYLoulAQSUxI
2020-06-19 14:34:40,604 - ingenia - INFO - ，玩家：进入游戏;openId：testAccount
2020-06-19 14:35:14,302 - ingenia - INFO - ，玩家：进入游戏;openId：oAJIh5WZZa6sUiFBGYLoulAQSUxI
2020-06-19 14:38:08,696 - ingenia - INFO - ，玩家：进入游戏;openId：testAccount
2020-06-19 14:40:07,953 - ingenia - INFO - ，玩家：进入游戏;openId：oAJIh5WZZa6sUiFBGYLoulAQSUxI
2020-06-19 14:40:22,861 - ingenia - INFO - ，玩家：进入游戏;openId：oAJIh5WZZa6sUiFBGYLoulAQSUxI
2020-06-19 14:41:02,486 - ingenia - INFO - ，玩家：进入游戏;openId：oAJIh5WZZa6sUiFBGYLoulAQSUxI
2020-06-19 14:41:30,492 - ingenia - INFO - ，玩家：进入游戏;openId：testAccount
2020-06-19 14:42:23,092 - ingenia - INFO - ，玩家：进入游戏;openId：testAccount
2020-06-19 15:04:09,115 - ingenia - INFO - ，玩家：进入游戏;openId：oAJIh5WZZa6sUiFBGYLoulAQSUxI
2020-06-19 15:27:17,323 - ingenia - INFO - ，玩家：进入游戏;openId：oAJIh5WZZa6sUiFBGYLoulAQSUxI
2020-06-19 15:27:23,736 - ingenia - INFO - ，玩家：进入游戏;openId：oAJIh5WZZa6sUiFBGYLoulAQSUxI
2020-06-19 15:28:07,302 - ingenia - INFO - ，玩家：进入游戏;openId：oAJIh5WZZa6sUiFBGYLoulAQSUxI
2020-06-19 17:05:14,229 - ingenia - INFO - ，玩家：进入游戏;openId：oAJIh5WZZa6sUiFBGYLoulAQSUxI
2020-06-19 17:17:25,184 - ingenia - INFO - ，玩家：进入游戏;openId：oAJIh5WZZa6sUiFBGYLoulAQSUxI
2020-06-19 17:17:25,186 - ingenia - INFO - ，玩家：进入游戏;openId：oAJIh5WZZa6sUiFBGYLoulAQSUxI
2020-06-19 17:31:52,540 - ingenia - INFO - ，玩家：进入游戏;openId：oAJIh5WZZa6sUiFBGYLoulAQSUxI
2020-06-19 17:33:01,411 - ingenia - INFO - ，玩家：进入游戏;openId：oAJIh5WZZa6sUiFBGYLoulAQSUxI
2020-06-19 17:37:12,361 - ingenia - INFO - ，玩家：进入游戏;openId：oAJIh5WZZa6sUiFBGYLoulAQSUxI
2020-06-19 17:48:45,752 - ingenia - INFO - 半世倾城い只为一人醉°，玩家：进入游戏;openId：testAccount
2020-06-19 17:49:04,226 - ingenia - INFO - 半世倾城い只为一人醉°，玩家：进入游戏;openId：testAccount
2020-06-19 17:49:28,969 - ingenia - INFO - 半世倾城い只为一人醉°，玩家：进入游戏;openId：testAccount
2020-06-19 17:50:05,677 - ingenia - INFO - 半世倾城い只为一人醉°，玩家：进入游戏;openId：testAccount
2020-06-19 17:50:48,569 - ingenia - INFO - 半世倾城い只为一人醉°，玩家：进入游戏;openId：testAccount
2020-06-19 17:51:49,634 - ingenia - INFO - 半世倾城い只为一人醉°，玩家：进入游戏;openId：testAccount
2020-06-19 17:52:24,006 - ingenia - INFO - 半世倾城い只为一人醉°，玩家：进入游戏;openId：testAccount
2020-06-19 17:52:33,082 - ingenia - INFO - 半世倾城い只为一人醉°，玩家：进入游戏;openId：testAccount
2020-06-19 17:52:52,102 - ingenia - INFO - 半世倾城い只为一人醉°，玩家：进入游戏;openId：testAccount
2020-06-19 17:57:56,503 - ingenia - INFO - 半世倾城い只为一人醉°，玩家：进入游戏;openId：testAccount
2020-06-19 17:58:35,908 - ingenia - INFO - 半世倾城い只为一人醉°，玩家：进入游戏;openId：testAccount
2020-06-19 17:58:58,960 - ingenia - INFO - 半世倾城い只为一人醉，玩家：进入游戏;openId：testAccount
2020-06-19 17:59:13,948 - ingenia - INFO - 半世倾城い只为一人醉，玩家：进入游戏;openId：testAccount
2020-06-19 17:59:35,809 - ingenia - INFO - 半世倾城い只为一人d醉，玩家：进入游戏;openId：testAccount
2020-06-19 18:00:50,793 - ingenia - INFO - 半世倾城い只为一s人d醉，玩家：进入游戏;openId：testAccount
2020-06-19 18:01:45,506 - ingenia - INFO - 半世倾城い只为s一s人d醉，玩家：进入游戏;openId：testAccount
2020-06-19 18:02:53,473 - ingenia - INFO - 半世倾城い只为s一s人d醉，玩家：进入游戏;openId：testAccount
2020-06-19 18:07:23,030 - ingenia - INFO - 半世倾城い只为s一s人d醉，玩家：进入游戏;openId：testAccount
2020-06-19 18:07:35,895 - ingenia - INFO - 半世倾城い只为s一s人d醉，玩家：进入游戏;openId：testAccount
2020-06-19 18:10:46,288 - ingenia - INFO - 半世倾城い只为s一s人d醉，玩家：进入游戏;openId：testAccount
2020-06-19 18:11:19,203 - ingenia - INFO - 半世倾城い只为s一s人d醉，玩家：进入游戏;openId：testAccount
2020-06-19 18:12:43,569 - ingenia - INFO - 半世倾城い只为s一s人d醉，玩家：进入第1关;openId：1
2020-06-19 18:13:14,891 - ingenia - INFO - 半世倾城い只为s一s人d醉，玩家：进入第1关;openId：1
2020-06-19 18:16:37,479 - ingenia - INFO - 半世倾城い只为s一s人d醉，玩家：进入第1关;openId：1
2020-06-19 18:29:01,598 - ingenia - INFO - 半世倾城い只为s一s人d醉，玩家：进入游戏;openId：testAccount
2020-06-19 18:29:20,911 - ingenia - INFO - 半世倾城い只为s一s人d醉，玩家：进入游戏;openId：testAccount
2020-06-19 19:34:32,457 - ingenia - INFO - 半世倾城い只为s一s人d醉，玩家：进入游戏;openId：testAccount
2020-06-19 19:34:38,713 - ingenia - INFO - 半世倾城い只为s一s人d醉，玩家：进入第1关;openId：1
2020-06-19 19:35:00,490 - ingenia - INFO - 半世倾城い只为s一s人d醉，玩家：进入游戏;openId：testAccount
2020-06-19 19:35:23,012 - ingenia - INFO - 半世倾城い只为s一s人d醉，玩家：进入第1关;openId：1
2020-06-19 19:35:41,799 - ingenia - INFO - 半世倾城い只为s一s人d醉，玩家：进入第1关;openId：1
2020-06-19 19:38:03,798 - ingenia - INFO - 半世倾城い只为s一s人d醉，玩家：进入第1关;openId：1
2020-06-19 19:38:03,805 - ingenia - INFO - 半世倾城い只为s一s人d醉，玩家：进入第1关;openId：1
2020-06-19 19:38:08,176 - ingenia - INFO - 半世倾城い只为s一s人d醉，玩家：进入第1关;openId：1
2020-06-19 19:38:58,095 - ingenia - INFO - 半世倾城い只为s一s人d醉，玩家：进入第1关;openId：1
2020-06-19 19:39:11,763 - ingenia - INFO - 半世倾城い只为s一s人d醉，玩家：进入游戏;openId：testAccount
2020-06-19 19:39:13,490 - ingenia - INFO - 半世倾城い只为s一s人d醉，玩家：进入游戏;openId：testAccount
2020-06-19 19:39:15,773 - ingenia - INFO - 半世倾城い只为s一s人d醉，玩家：进入第1关;openId：1
2020-06-19 19:39:21,592 - ingenia - INFO - 半世倾城い只为s一s人d醉，玩家：进入第1关;openId：1
2020-06-19 19:48:04,713 - ingenia - INFO - 半世倾城い只为s一s人d醉，玩家：进入游戏;openId：testAccount
2020-06-19 19:48:07,209 - ingenia - INFO - 半世倾城い只为s一s人d醉，玩家：进入第1关;openId：1
2020-06-19 19:48:11,523 - ingenia - INFO - 半世倾城い只为s一s人d醉，玩家：完成第1关;openId：1
2020-06-19 19:50:21,614 - ingenia - INFO - 半世倾城い只为s一s人d醉，玩家：进入游戏;openId：testAccount
2020-06-19 19:50:24,125 - ingenia - INFO - 半世倾城い只为s一s人d醉，玩家：进入第1关;openId：1
2020-06-19 19:50:27,987 - ingenia - INFO - 半世倾城い只为s一s人d醉，玩家：完成第1关;openId：1
2020-06-19 20:18:48,867 - ingenia - INFO - 半世倾城い只为s一s人d醉，玩家：进入游戏;openId：testAccount
2020-06-19 20:18:55,592 - ingenia - INFO - 半世倾城い只为s一s人d醉，玩家：查看主界面排行榜;openId：1
2020-06-19 20:19:05,095 - ingenia - INFO - 半世倾城い只为s一s人d醉，玩家：查看主界面排行榜;openId：1
2020-06-19 20:21:15,237 - ingenia - INFO - 半世倾城い只为s一s人d醉，玩家：查看主界面排行榜;openId：1
2020-06-19 20:21:20,476 - ingenia - INFO - 半世倾城い只为s一s人d醉，玩家：进入游戏;openId：testAccount
2020-06-19 20:21:24,562 - ingenia - INFO - 半世倾城い只为s一s人d醉，玩家：查看主界面排行榜;openId：1
2020-06-19 20:21:52,950 - ingenia - INFO - 半世倾城い只为s一s人d醉，玩家：查看主界面排行榜;openId：1
2020-06-19 20:22:56,723 - ingenia - INFO - 半世倾城い只为s一s人d醉，玩家：进入游戏;openId：testAccount
2020-06-19 20:23:02,464 - ingenia - INFO - 半世倾城い只为s一s人d醉，玩家：查看主界面排行榜;openId：1
2020-06-19 20:24:35,618 - ingenia - INFO - 半世倾城い只为s一s人d醉，玩家：查看主界面排行榜;openId：1
2020-06-19 20:25:19,480 - ingenia - INFO - 半世倾城い只为s一s人d醉，玩家：进入游戏;openId：testAccount
2020-06-19 20:25:31,084 - ingenia - INFO - 半世倾城い只为s一s人d醉，玩家：查看主界面排行榜;openId：1
2020-06-19 20:26:43,519 - ingenia - INFO - 半世倾城い只为s一s人d醉，玩家：查看主界面排行榜;openId：1
2020-06-19 20:30:30,456 - ingenia - INFO - 半世倾城い只为s一s人d醉，玩家：进入游戏;openId：testAccount
2020-06-19 20:30:33,898 - ingenia - INFO - 半世倾城い只为s一s人d醉，玩家：查看主界面排行榜;openId：1
2020-06-19 20:32:43,700 - ingenia - INFO - 半世倾城い只为s一s人d醉，玩家：查看主界面排行榜;openId：1
2020-06-19 20:33:04,145 - ingenia - INFO - 半世倾城い只为s一s人d醉，玩家：查看主界面排行榜;openId：1
2020-06-19 20:36:40,448 - ingenia - INFO - 半世倾城い只为s一s人d醉，玩家：查看主界面排行榜;openId：1
2020-06-19 20:37:47,446 - ingenia - INFO - 半世倾城い只为s一s人d醉，玩家：进入第1关;openId：1
2020-06-19 20:37:51,180 - ingenia - INFO - 半世倾城い只为s一s人d醉，玩家：完成第1关;openId：1
2020-06-19 20:38:42,592 - ingenia - INFO - 半世倾城い只为s一s人d醉，玩家：进入第1关;openId：1
2020-06-19 20:38:48,901 - ingenia - INFO - 半世倾城い只为s一s人d醉，玩家：完成第1关;openId：1
2020-06-19 20:39:16,982 - ingenia - INFO - 半世倾城い只为s一s人d醉，玩家：进入第1关;openId：1
2020-06-19 20:39:22,210 - ingenia - INFO - 半世倾城い只为s一s人d醉，玩家：完成第1关;openId：1
2020-06-19 20:43:28,677 - ingenia - INFO - 半世倾城い只为s一s人d醉，玩家：进入游戏;openId：testAccount
2020-06-19 20:43:28,687 - ingenia - INFO - 半世倾城い只为s一s人d醉，玩家：进入第1关;openId：1
2020-06-19 20:43:28,691 - ingenia - INFO - 半世倾城い只为s一s人d醉，玩家：完成第1关;openId：1
2020-06-19 20:43:53,572 - ingenia - INFO - 半世倾城い只为s一s人d醉，玩家：进入第1关;openId：1
2020-06-19 20:44:10,999 - ingenia - INFO - 半世倾城い只为s一s人d醉，玩家：进入第2关;openId：1
2020-06-19 20:50:42,677 - ingenia - INFO - 半世倾城い只为s一s人d醉，玩家：进入第1关;openId：1
2020-06-19 20:50:45,973 - ingenia - INFO - 半世倾城い只为s一s人d醉，玩家：完成第1关;openId：1
2020-06-19 20:55:30,561 - ingenia - INFO - 半世倾城い只为s一s人d醉，玩家：进入游戏;openId：testAccount
2020-06-19 20:55:48,177 - ingenia - INFO - 半世倾城い只为s一s人d醉，玩家：进入游戏;openId：testAccount
2020-06-19 20:55:51,190 - ingenia - INFO - 半世倾城い只为s一s人d醉，玩家：进入第2关;openId：1
2020-06-19 20:55:55,805 - ingenia - INFO - 半世倾城い只为s一s人d醉，玩家：完成第2关;openId：1
2020-06-19 20:55:57,345 - ingenia - INFO - 半世倾城い只为s一s人d醉，玩家：进入第3关;openId：1
2020-06-19 20:56:01,091 - ingenia - INFO - 半世倾城い只为s一s人d醉，玩家：进入游戏;openId：testAccount
2020-06-19 20:56:37,594 - ingenia - INFO - 半世倾城い只为s一s人d醉，玩家：进入游戏;openId：testAccount
2020-06-19 20:58:41,502 - ingenia - INFO - 半世倾城い只为s一s人d醉，玩家：进入游戏;openId：testAccount
2020-06-19 20:58:51,818 - ingenia - INFO - 半世倾城い只为s一s人d醉，玩家：进入第1关;openId：1
2020-06-19 20:58:56,030 - ingenia - INFO - 半世倾城い只为s一s人d醉，玩家：进入游戏;openId：testAccount
2020-06-19 20:58:58,068 - ingenia - INFO - 半世倾城い只为s一s人d醉，玩家：进入第1关;openId：1
2020-06-19 20:59:02,621 - ingenia - INFO - 半世倾城い只为s一s人d醉，玩家：完成第1关;openId：1
2020-06-19 20:59:03,976 - ingenia - INFO - 半世倾城い只为s一s人d醉，玩家：进入第2关;openId：1
2020-06-19 20:59:06,201 - ingenia - INFO - 半世倾城い只为s一s人d醉，玩家：进入第2关;openId：1
2020-06-19 20:59:09,960 - ingenia - INFO - 半世倾城い只为s一s人d醉，玩家：进入游戏;openId：testAccount
2020-06-19 20:59:12,286 - ingenia - INFO - 半世倾城い只为s一s人d醉，玩家：进入第1关;openId：1
2020-06-19 20:59:27,138 - ingenia - INFO - 半世倾城い只为s一s人d醉，玩家：进入游戏;openId：testAccount
2020-06-19 21:00:56,811 - ingenia - INFO - 半世倾城い只为s一s人d醉，玩家：进入游戏;openId：testAccount
2020-06-19 21:01:03,451 - ingenia - INFO - 半世倾城い只为s一s人d醉，玩家：进入游戏;openId：testAccount
2020-06-19 21:01:06,290 - ingenia - INFO - 半世倾城い只为s一s人d醉，玩家：查看主界面排行榜;openId：1
2020-06-19 21:01:15,260 - ingenia - INFO - 半世倾城い只为s一s人d醉，玩家：查看主界面排行榜;openId：1
2020-06-19 21:01:22,167 - ingenia - INFO - 半世倾城い只为s一s人d醉，玩家：查看主界面排行榜;openId：1
2020-06-19 21:01:24,157 - ingenia - INFO - 半世倾城い只为s一s人d醉，玩家：查看主界面排行榜;openId：1
2020-06-19 21:01:41,282 - ingenia - INFO - 半世倾城い只为s一s人d醉，玩家：主界面分享;openId：1
2020-06-19 21:01:42,134 - ingenia - INFO - 半世倾城い只为s一s人d醉，玩家：查看主界面排行榜;openId：1
2020-06-19 21:01:45,798 - ingenia - INFO - 半世倾城い只为s一s人d醉，玩家：查看主界面排行榜;openId：1
2020-06-19 21:04:22,490 - ingenia - INFO - 半世倾城い只为s一s人d醉，玩家：进入第3关;openId：1
2020-06-19 21:07:47,433 - ingenia - INFO - 半世倾城い只为s一s人d醉，玩家：进入游戏;openId：testAccount
2020-06-19 21:07:51,772 - ingenia - INFO - 半世倾城い只为s一s人d醉，玩家：查看主界面排行榜;openId：1
2020-06-19 21:08:31,048 - ingenia - INFO - 半世倾城い只为s一s人d醉，玩家：进入游戏;openId：testAccount
2020-06-19 21:09:38,318 - ingenia - INFO - 半世倾城い只为s一s人d醉，玩家：进入第3关;openId：1
2020-06-19 21:09:50,292 - ingenia - INFO - 半世倾城い只为s一s人d醉，玩家：进入第3关;openId：1
2020-06-19 21:12:59,539 - ingenia - INFO - 半世倾城い只为s一s人d醉，玩家：进入游戏;openId：testAccount
2020-06-19 21:13:00,732 - ingenia - INFO - 半世倾城い只为s一s人d醉，玩家：进入游戏;openId：testAccount
2020-06-19 21:13:09,786 - ingenia - INFO - 半世倾城い只为s一s人d醉，玩家：查看主界面排行榜;openId：1
2020-06-19 21:13:12,505 - ingenia - INFO - 半世倾城い只为s一s人d醉，玩家：查看主界面排行榜;openId：1
2020-06-19 21:13:14,293 - ingenia - INFO - 半世倾城い只为s一s人d醉，玩家：查看主界面排行榜;openId：1
2020-06-19 21:13:17,464 - ingenia - INFO - 半世倾城い只为s一s人d醉，玩家：进入第3关;openId：1
2020-06-19 21:13:22,589 - ingenia - INFO - 半世倾城い只为s一s人d醉，玩家：完成第3关;openId：1
2020-06-19 21:13:24,065 - ingenia - INFO - 半世倾城い只为s一s人d醉，玩家：第3关查看排行榜;openId：1
2020-06-19 21:13:26,280 - ingenia - INFO - 半世倾城い只为s一s人d醉，玩家：第3关查看排行榜;openId：1
2020-06-19 21:13:26,441 - ingenia - INFO - 半世倾城い只为s一s人d醉，玩家：第3关查看排行榜;openId：1
2020-06-19 21:13:26,592 - ingenia - INFO - 半世倾城い只为s一s人d醉，玩家：第3关查看排行榜;openId：1
2020-06-19 21:13:26,769 - ingenia - INFO - 半世倾城い只为s一s人d醉，玩家：第3关查看排行榜;openId：1
2020-06-19 21:14:20,648 - ingenia - INFO - 半世倾城い只为s一s人d醉，玩家：进入第4关;openId：1
2020-06-19 21:14:22,609 - ingenia - INFO - 半世倾城い只为s一s人d醉，玩家：查看主界面排行榜;openId：1
2020-06-19 21:14:25,217 - ingenia - INFO - 半世倾城い只为s一s人d醉，玩家：查看主界面排行榜;openId：1
2020-06-19 21:14:28,687 - ingenia - INFO - 半世倾城い只为s一s人d醉，玩家：查看主界面排行榜;openId：1
2020-06-20 14:19:47,434 - ingenia - INFO - 半世倾城い只为s一s人d醉，玩家：进入游戏;openId：testAccount
2020-06-20 14:19:52,493 - ingenia - INFO - 半世倾城い只为s一s人d醉，玩家：进入第1关;openId：1
2020-06-20 14:19:56,289 - ingenia - INFO - 半世倾城い只为s一s人d醉，玩家：完成第1关;openId：1
2020-06-20 14:19:57,963 - ingenia - INFO - 半世倾城い只为s一s人d醉，玩家：进入第2关;openId：1
2020-06-20 14:20:08,246 - ingenia - INFO - 半世倾城い只为s一s人d醉，玩家：完成第2关;openId：1
2020-06-20 14:20:09,584 - ingenia - INFO - 半世倾城い只为s一s人d醉，玩家：进入第3关;openId：1
2020-06-20 14:20:37,492 - ingenia - INFO - 半世倾城い只为s一s人d醉，玩家：进入第6关;openId：1
2020-06-20 14:20:40,243 - ingenia - INFO - 半世倾城い只为s一s人d醉，玩家：进入第5关;openId：1
2020-06-20 14:20:44,605 - ingenia - INFO - 半世倾城い只为s一s人d醉，玩家：进入第4关;openId：1
2020-06-20 14:20:46,859 - ingenia - INFO - 半世倾城い只为s一s人d醉，玩家：进入第3关;openId：1
2020-06-20 14:20:48,769 - ingenia - INFO - 半世倾城い只为s一s人d醉，玩家：进入第2关;openId：1
2020-06-20 14:36:02,717 - ingenia - INFO - 半世倾城い只为s一s人d醉，玩家：进入游戏;openId：testAccount
2020-06-20 14:41:13,214 - ingenia - INFO - 半世倾城い只为s一s人d醉，玩家：进入游戏;openId：testAccount
2020-06-20 14:44:57,188 - ingenia - INFO - 半世倾城い只为s一s人d醉，玩家：进入游戏;openId：testAccount
2020-06-20 14:46:40,145 - ingenia - INFO - 半世倾城い只为s一s人d醉，玩家：进入游戏;openId：testAccount
2020-06-20 14:47:20,096 - ingenia - INFO - 半世倾城い只为s一s人d醉，玩家：进入游戏;openId：testAccount
2020-06-20 15:19:39,513 - ingenia - INFO - 半世倾城い只为s一s人d醉，玩家：进入游戏;openId：testAccount
2020-06-20 15:19:48,431 - ingenia - INFO - 半世倾城い只为s一s人d醉，玩家：进入第1关;openId：1
2020-06-20 15:19:56,598 - ingenia - INFO - 半世倾城い只为s一s人d醉，玩家：进入游戏;openId：testAccount
2020-06-20 15:21:29,417 - ingenia - INFO - 半世倾城い只为s一s人d醉，玩家：进入第1关;openId：1
2020-06-20 15:22:05,177 - ingenia - INFO - 半世倾城い只为s一s人d醉，玩家：进入游戏;openId：testAccount
2020-06-20 15:22:14,434 - ingenia - INFO - 半世倾城い只为s一s人d醉，玩家：进入第1关;openId：1
2020-06-20 15:22:41,799 - ingenia - INFO - 半世倾城い只为s一s人d醉，玩家：进入第1关;openId：1
2020-06-20 15:23:19,000 - ingenia - INFO - 半世倾城い只为s一s人d醉，玩家：进入游戏;openId：testAccount
2020-06-20 15:23:23,221 - ingenia - INFO - 半世倾城い只为s一s人d醉，玩家：进入第1关;openId：1
2020-06-20 15:24:30,288 - ingenia - INFO - 半世倾城い只为s一s人d醉，玩家：进入第1关;openId：1
2020-06-20 15:24:51,648 - ingenia - INFO - 半世倾城い只为s一s人d醉，玩家：进入游戏;openId：testAccount
2020-06-20 15:26:04,801 - ingenia - INFO - 半世倾城い只为s一s人d醉，玩家：进入第1关;openId：1
2020-06-20 15:26:53,161 - ingenia - INFO - 半世倾城い只为s一s人d醉，玩家：进入第1关;openId：1
2020-06-20 15:27:17,950 - ingenia - INFO - 半世倾城い只为s一s人d醉，玩家：进入第1关;openId：1
2020-06-20 15:27:26,023 - ingenia - INFO - 半世倾城い只为s一s人d醉，玩家：进入第1关;openId：1
2020-06-20 15:28:30,624 - ingenia - INFO - 半世倾城い只为s一s人d醉，玩家：进入第1关;openId：1
2020-06-20 15:29:48,559 - ingenia - INFO - 半世倾城い只为s一s人d醉，玩家：进入第1关;openId：1
2020-06-20 15:30:18,799 - ingenia - INFO - 半世倾城い只为s一s人d醉，玩家：进入第1关;openId：1
2020-06-20 15:31:08,476 - ingenia - INFO - 半世倾城い只为s一s人d醉，玩家：完成第1关;openId：1
2020-06-20 15:32:36,500 - ingenia - INFO - 半世倾城い只为s一s人d醉，玩家：进入第1关;openId：1
2020-06-20 15:32:42,948 - ingenia - INFO - 半世倾城い只为s一s人d醉，玩家：完成第1关;openId：1
2020-06-20 15:35:18,253 - ingenia - INFO - 半世倾城い只为s一s人d醉，玩家：进入游戏;openId：testAccount
2020-06-20 15:35:23,605 - ingenia - INFO - 半世倾城い只为s一s人d醉，玩家：进入第1关;openId：1
2020-06-20 15:36:54,378 - ingenia - INFO - 半世倾城い只为s一s人d醉，玩家：进入游戏;openId：testAccount
2020-06-20 15:36:56,888 - ingenia - INFO - 半世倾城い只为s一s人d醉，玩家：进入第1关;openId：1
2020-06-20 15:37:01,290 - ingenia - INFO - 半世倾城い只为s一s人d醉，玩家：完成第1关;openId：1
2020-06-20 15:37:06,483 - ingenia - INFO - 半世倾城い只为s一s人d醉，玩家：进入第2关;openId：1
2020-06-20 15:37:09,604 - ingenia - INFO - 半世倾城い只为s一s人d醉，玩家：进入第1关;openId：1
2020-06-20 15:37:11,963 - ingenia - INFO - 半世倾城い只为s一s人d醉，玩家：进入游戏;openId：testAccount
2020-06-20 15:37:16,417 - ingenia - INFO - 半世倾城い只为s一s人d醉，玩家：进入第1关;openId：1
2020-06-20 15:37:48,805 - ingenia - INFO - 半世倾城い只为s一s人d醉，玩家：完成第1关;openId：1
2020-06-20 15:38:46,331 - ingenia - INFO - 半世倾城い只为s一s人d醉，玩家：进入第2关;openId：1
2020-06-20 15:38:48,503 - ingenia - INFO - 半世倾城い只为s一s人d醉，玩家：进入第1关;openId：1
2020-06-20 15:39:03,766 - ingenia - INFO - 半世倾城い只为s一s人d醉，玩家：完成第1关;openId：1
2020-06-20 15:39:18,638 - ingenia - INFO - 半世倾城い只为s一s人d醉，玩家：进入游戏;openId：testAccount
2020-06-20 15:39:21,358 - ingenia - INFO - 半世倾城い只为s一s人d醉，玩家：进入第1关;openId：1
2020-06-20 15:39:31,911 - ingenia - INFO - 半世倾城い只为s一s人d醉，玩家：完成第1关;openId：1
2020-06-20 15:40:08,513 - ingenia - INFO - 半世倾城い只为s一s人d醉，玩家：进入第1关;openId：1
2020-06-20 15:40:17,894 - ingenia - INFO - 半世倾城い只为s一s人d醉，玩家：完成第1关;openId：1
2020-06-20 15:42:13,808 - ingenia - INFO - 半世倾城い只为s一s人d醉，玩家：进入游戏;openId：testAccount
2020-06-20 15:42:16,181 - ingenia - INFO - 半世倾城い只为s一s人d醉，玩家：进入第1关;openId：1
2020-06-20 15:42:26,884 - ingenia - INFO - 半世倾城い只为s一s人d醉，玩家：完成第1关;openId：1
2020-06-20 15:42:36,832 - ingenia - INFO - 半世倾城い只为s一s人d醉，玩家：进入第2关;openId：1
2020-06-20 15:43:33,565 - ingenia - INFO - 半世倾城い只为s一s人d醉，玩家：进入游戏;openId：testAccount
2020-06-20 15:43:38,128 - ingenia - INFO - 半世倾城い只为s一s人d醉，玩家：进入游戏;openId：testAccount
2020-06-20 15:44:55,884 - ingenia - INFO - 半世倾城い只为s一s人d醉，玩家：进入游戏;openId：testAccount
2020-06-20 15:44:57,743 - ingenia - INFO - 半世倾城い只为s一s人d醉，玩家：进入第1关;openId：1
2020-06-20 15:45:01,187 - ingenia - INFO - 半世倾城い只为s一s人d醉，玩家：完成第1关;openId：1
2020-06-20 15:45:03,726 - ingenia - INFO - 半世倾城い只为s一s人d醉，玩家：进入第2关;openId：1
2020-06-20 15:45:06,289 - ingenia - INFO - 半世倾城い只为s一s人d醉，玩家：进入游戏;openId：testAccount
2020-06-20 15:45:10,387 - ingenia - INFO - 半世倾城い只为s一s人d醉，玩家：进入游戏;openId：testAccount
2020-06-20 15:45:13,654 - ingenia - INFO - 半世倾城い只为s一s人d醉，玩家：进入第1关;openId：1
2020-06-20 15:45:17,052 - ingenia - INFO - 半世倾城い只为s一s人d醉，玩家：完成第1关;openId：1
2020-06-20 15:45:18,897 - ingenia - INFO - 半世倾城い只为s一s人d醉，玩家：进入第2关;openId：1
2020-06-20 15:45:21,201 - ingenia - INFO - 半世倾城い只为s一s人d醉，玩家：进入游戏;openId：testAccount
2020-06-20 15:45:40,000 - ingenia - INFO - 半世倾城い只为s一s人d醉，玩家：进入第1关;openId：1
2020-06-20 15:45:43,970 - ingenia - INFO - 半世倾城い只为s一s人d醉，玩家：完成第1关;openId：1
2020-06-20 15:45:46,381 - ingenia - INFO - 半世倾城い只为s一s人d醉，玩家：进入第2关;openId：1
2020-06-20 15:46:08,207 - ingenia - INFO - 半世倾城い只为s一s人d醉，玩家：进入第1关;openId：1
2020-06-20 15:46:11,647 - ingenia - INFO - 半世倾城い只为s一s人d醉，玩家：进入游戏;openId：testAccount
2020-06-20 15:46:16,529 - ingenia - INFO - 半世倾城い只为s一s人d醉，玩家：进入第1关;openId：1
2020-06-20 15:46:19,311 - ingenia - INFO - 半世倾城い只为s一s人d醉，玩家：进入第1关;openId：1
2020-06-20 15:46:32,740 - ingenia - INFO - 半世倾城い只为s一s人d醉，玩家：完成第1关;openId：1
2020-06-20 15:46:34,233 - ingenia - INFO - 半世倾城い只为s一s人d醉，玩家：进入第2关;openId：1
2020-06-20 15:46:50,368 - ingenia - INFO - 半世倾城い只为s一s人d醉，玩家：进入游戏;openId：testAccount
2020-06-20 15:46:52,648 - ingenia - INFO - 半世倾城い只为s一s人d醉，玩家：进入第1关;openId：1
2020-06-20 15:46:54,973 - ingenia - INFO - 半世倾城い只为s一s人d醉，玩家：进入游戏;openId：testAccount
2020-06-20 15:57:29,928 - ingenia - INFO - 半世倾城い只为s一s人d醉，玩家：进入第1关;openId：1
2020-06-20 15:57:36,987 - ingenia - INFO - 半世倾城い只为s一s人d醉，玩家：完成第1关;openId：1
2020-06-20 15:57:38,966 - ingenia - INFO - 半世倾城い只为s一s人d醉，玩家：进入第2关;openId：1
2020-06-20 15:57:44,341 - ingenia - INFO - 半世倾城い只为s一s人d醉，玩家：进入游戏;openId：testAccount
2020-06-20 15:57:54,436 - ingenia - INFO - 半世倾城い只为s一s人d醉，玩家：进入游戏;openId：testAccount
2020-06-20 15:57:56,568 - ingenia - INFO - 半世倾城い只为s一s人d醉，玩家：进入第1关;openId：1
2020-06-20 15:57:58,809 - ingenia - INFO - 半世倾城い只为s一s人d醉，玩家：进入游戏;openId：testAccount
2020-06-20 15:58:00,997 - ingenia - INFO - 半世倾城い只为s一s人d醉，玩家：进入第1关;openId：1
2020-06-20 15:58:34,484 - ingenia - INFO - 半世倾城い只为s一s人d醉，玩家：进入游戏;openId：testAccount
2020-06-20 15:58:36,582 - ingenia - INFO - 半世倾城い只为s一s人d醉，玩家：进入第1关;openId：1
2020-06-20 15:58:39,884 - ingenia - INFO - 半世倾城い只为s一s人d醉，玩家：完成第1关;openId：1
2020-06-20 15:58:42,279 - ingenia - INFO - 半世倾城い只为s一s人d醉，玩家：进入第2关;openId：1
2020-06-20 15:58:44,342 - ingenia - INFO - 半世倾城い只为s一s人d醉，玩家：进入第1关;openId：1
2020-06-20 15:58:53,203 - ingenia - INFO - 半世倾城い只为s一s人d醉，玩家：完成第1关;openId：1
2020-06-20 16:07:41,072 - ingenia - INFO - 半世倾城い只为s一s人d醉，玩家：进入第2关;openId：1
2020-06-20 16:07:48,802 - ingenia - INFO - 半世倾城い只为s一s人d醉，玩家：完成第2关;openId：1
2020-06-20 16:07:50,535 - ingenia - INFO - 半世倾城い只为s一s人d醉，玩家：进入第3关;openId：1
2020-06-20 18:22:37,430 - ingenia - INFO - 半世倾城い只为s一s人d醉，玩家：进入游戏;openId：testAccount
2020-06-20 18:23:04,345 - ingenia - INFO - 半世倾城い只为s一s人d醉，玩家：进入第59关;openId：1
2020-06-20 18:27:13,694 - ingenia - INFO - 半世倾城い只为s一s人d醉，玩家：进入游戏;openId：testAccount
2020-06-20 18:27:23,726 - ingenia - INFO - 半世倾城い只为s一s人d醉，玩家：进入第53关;openId：1
2020-06-20 18:27:55,864 - ingenia - INFO - 半世倾城い只为s一s人d醉，玩家：进入第59关;openId：1
2020-06-20 18:28:25,660 - ingenia - INFO - 半世倾城い只为s一s人d醉，玩家：完成第59关;openId：1
2020-06-20 18:29:19,013 - ingenia - INFO - 半世倾城い只为s一s人d醉，玩家：进入第2关;openId：1
2020-06-20 18:29:46,233 - ingenia - INFO - 半世倾城い只为s一s人d醉，玩家：进入游戏;openId：testAccount
2020-06-20 18:29:52,391 - ingenia - INFO - 半世倾城い只为s一s人d醉，玩家：进入第11关;openId：1
2020-06-20 18:30:28,653 - ingenia - INFO - 半世倾城い只为s一s人d醉，玩家：进入游戏;openId：testAccount
2020-06-20 18:30:33,579 - ingenia - INFO - 半世倾城い只为s一s人d醉，玩家：进入第1关;openId：1
2020-06-20 18:31:00,292 - ingenia - INFO - 半世倾城い只为s一s人d醉，玩家：进入第2关;openId：1
2020-06-20 18:31:02,953 - ingenia - INFO - 半世倾城い只为s一s人d醉，玩家：进入第11关;openId：1
2020-06-20 18:31:07,161 - ingenia - INFO - 半世倾城い只为s一s人d醉，玩家：进入游戏;openId：testAccount
2020-06-20 18:32:34,903 - ingenia - INFO - 半世倾城い只为s一s人d醉，玩家：进入第1关;openId：1
2020-06-20 18:32:40,826 - ingenia - INFO - 半世倾城い只为s一s人d醉，玩家：进入第2关;openId：1
2020-06-20 18:32:43,075 - ingenia - INFO - 半世倾城い只为s一s人d醉，玩家：进入第2关;openId：1
2020-06-20 18:32:47,273 - ingenia - INFO - 半世倾城い只为s一s人d醉，玩家：进入第3关;openId：1
2020-06-20 18:32:49,236 - ingenia - INFO - 半世倾城い只为s一s人d醉，玩家：进入第2关;openId：1
2020-06-20 19:43:27,388 - ingenia - INFO - 半世倾城い只为s一s人d醉，玩家：进入游戏;openId：testAccount
2020-06-20 19:43:40,181 - ingenia - INFO - 半世倾城い只为s一s人d醉，玩家：进入第59关;openId：1
2020-06-20 19:48:15,244 - ingenia - INFO - 半世倾城い只为s一s人d醉，玩家：进入游戏;openId：testAccount
2020-06-20 19:48:22,905 - ingenia - INFO - 半世倾城い只为s一s人d醉，玩家：进入第71关;openId：1
2020-06-20 19:48:29,091 - ingenia - INFO - 半世倾城い只为s一s人d醉，玩家：进入第78关;openId：1
2020-06-20 19:48:58,463 - ingenia - INFO - 半世倾城い只为s一s人d醉，玩家：进入游戏;openId：testAccount
2020-06-20 19:49:02,292 - ingenia - INFO - 半世倾城い只为s一s人d醉，玩家：进入第1关;openId：1
2020-06-20 19:49:10,723 - ingenia - INFO - 半世倾城い只为s一s人d醉，玩家：进入第71关;openId：1
2020-06-20 19:49:21,963 - ingenia - INFO - 半世倾城い只为s一s人d醉，玩家：进入第99关;openId：1
2020-06-20 19:50:09,953 - ingenia - INFO - 半世倾城い只为s一s人d醉，玩家：进入第11关;openId：1
2020-06-20 19:56:46,880 - ingenia - INFO - 半世倾城い只为s一s人d醉，玩家：进入第11关;openId：1
2020-06-20 20:09:26,938 - ingenia - INFO - 半世倾城い只为s一s人d醉，玩家：进入游戏;openId：testAccount
2020-06-20 20:09:33,036 - ingenia - INFO - 半世倾城い只为s一s人d醉，玩家：进入第11关;openId：2
2020-06-20 20:09:37,345 - ingenia - INFO - 半世倾城い只为s一s人d醉，玩家：进入第47关;openId：2
2020-06-20 20:09:41,145 - ingenia - INFO - 半世倾城い只为s一s人d醉，玩家：进入第48关;openId：2
2020-06-20 20:10:09,973 - ingenia - INFO - 半世倾城い只为s一s人d醉，玩家：进入第57关;openId：2
2020-06-20 20:10:32,355 - ingenia - INFO - 半世倾城い只为s一s人d醉，玩家：进入第53关;openId：2
2020-06-20 20:14:28,339 - ingenia - INFO - 半世倾城い只为s一s人d醉，玩家：进入第53关;openId：2
2020-06-20 20:14:29,717 - ingenia - INFO - 半世倾城い只为s一s人d醉，玩家：进入游戏;openId：testAccount
2020-06-20 20:16:05,486 - ingenia - INFO - 半世倾城い只为s一s人d醉，玩家：进入第53关;openId：1
2020-06-20 20:16:10,438 - ingenia - INFO - 半世倾城い只为s一s人d醉，玩家：进入第53关;openId：1
2020-06-20 20:16:28,881 - ingenia - INFO - 半世倾城い只为s一s人d醉，玩家：进入第53关;openId：1
2020-06-20 20:20:11,009 - ingenia - INFO - 半世倾城い只为s一s人d醉，玩家：进入第53关;openId：1
2020-06-20 20:20:34,321 - ingenia - INFO - 半世倾城い只为s一s人d醉，玩家：进入第53关;openId：1
2020-06-20 20:23:22,832 - ingenia - INFO - 半世倾城い只为s一s人d醉，玩家：进入游戏;openId：testAccount
2020-06-20 20:23:29,627 - ingenia - INFO - 半世倾城い只为s一s人d醉，玩家：进入第53关;openId：1
2020-06-20 20:25:03,193 - ingenia - INFO - 半世倾城い只为s一s人d醉，玩家：进入游戏;openId：testAccount
2020-06-20 20:25:10,158 - ingenia - INFO - 半世倾城い只为s一s人d醉，玩家：进入第53关;openId：1
2020-06-20 20:25:38,003 - ingenia - INFO - 半世倾城い只为s一s人d醉，玩家：进入游戏;openId：testAccount
2020-06-20 20:25:45,665 - ingenia - INFO - 半世倾城い只为s一s人d醉，玩家：进入第53关;openId：1
2020-06-20 20:26:29,321 - ingenia - INFO - 半世倾城い只为s一s人d醉，玩家：进入游戏;openId：testAccount
2020-06-20 20:26:36,306 - ingenia - INFO - 半世倾城い只为s一s人d醉，玩家：进入第53关;openId：1
2020-06-20 20:26:45,973 - ingenia - INFO - 半世倾城い只为s一s人d醉，玩家：进入游戏;openId：testAccount
2020-06-20 20:26:58,375 - ingenia - INFO - 半世倾城い只为s一s人d醉，玩家：进入游戏;openId：testAccount
2020-06-20 20:31:53,382 - ingenia - INFO - 半世倾城い只为s一s人d醉，玩家：进入游戏;openId：testAccount
2020-06-20 20:32:02,584 - ingenia - INFO - 半世倾城い只为s一s人d醉，玩家：进入第53关;openId：1
2020-06-20 20:32:48,489 - ingenia - INFO - 半世倾城い只为s一s人d醉，玩家：进入第1关;openId：1
2020-06-20 20:33:35,625 - ingenia - INFO - 半世倾城い只为s一s人d醉，玩家：进入第102关;openId：1
2020-06-20 20:33:41,503 - ingenia - INFO - 半世倾城い只为s一s人d醉，玩家：进入第123关;openId：1
2020-06-20 20:33:51,992 - ingenia - INFO - 半世倾城い只为s一s人d醉，玩家：进入第186关;openId：1
2020-06-20 20:36:42,184 - ingenia - INFO - 半世倾城い只为s一s人d醉，玩家：进入第2关;openId：1
2020-06-20 20:38:47,614 - ingenia - INFO - 半世倾城い只为s一s人d醉，玩家：进入第3关;openId：1
2020-06-20 20:40:08,845 - ingenia - INFO - 半世倾城い只为s一s人d醉，玩家：进入游戏;openId：testAccount
2020-06-20 20:40:16,908 - ingenia - INFO - 半世倾城い只为s一s人d醉，玩家：进入第53关;openId：1
2020-06-20 20:41:04,677 - ingenia - INFO - 半世倾城い只为s一s人d醉，玩家：进入第44关;openId：1
2020-06-20 20:41:13,789 - ingenia - INFO - 半世倾城い只为s一s人d醉，玩家：进入第43关;openId：1
2020-06-20 20:51:59,219 - ingenia - INFO - 半世倾城い只为s一s人d醉，玩家：进入第56关;openId：1
2020-06-20 20:53:07,661 - ingenia - INFO - 半世倾城い只为s一s人d醉，玩家：进入第58关;openId：1
2020-06-20 20:54:39,411 - ingenia - INFO - 半世倾城い只为s一s人d醉，玩家：进入第63关;openId：1
2020-06-20 20:56:45,930 - ingenia - INFO - 半世倾城い只为s一s人d醉，玩家：进入游戏;openId：testAccount
2020-06-20 20:57:23,301 - ingenia - INFO - 半世倾城い只为s一s人d醉，玩家：进入游戏;openId：testAccount
2020-06-20 20:59:46,209 - ingenia - INFO - 半世倾城い只为s一s人d醉，玩家：进入游戏;openId：testAccount
2020-06-20 21:00:06,773 - ingenia - INFO - 半世倾城い只为s一s人d醉，玩家：进入游戏;openId：testAccount
2020-06-20 21:00:15,375 - ingenia - INFO - 半世倾城い只为s一s人d醉，玩家：进入游戏;openId：testAccount
2020-06-20 21:01:17,184 - ingenia - INFO - 半世倾城い只为s一s人d醉，玩家：进入游戏;openId：testAccount
2020-06-20 21:01:24,799 - ingenia - INFO - 半世倾城い只为s一s人d醉，玩家：进入第3关;openId：1
2020-06-20 21:01:36,191 - ingenia - INFO - 半世倾城い只为s一s人d醉，玩家：完成第3关;openId：1
2020-06-20 21:01:42,888 - ingenia - INFO - 半世倾城い只为s一s人d醉，玩家：进入第4关;openId：1
